0 verbose cli /usr/local/bin/node /usr/local/lib/node_modules/npm/bin/npm-cli.js
1 info using npm@11.6.2
2 info using node@v24.13.0
3 silly config load:file:/usr/local/lib/node_modules/npm/npmrc
4 silly config load:file:/Users/rajumaharjan/Documents/Anit Gravity Projects/Rent And Expenses Mgmt System/.npmrc
5 silly config load:file:/Users/rajumaharjan/.npmrc
6 silly config load:file:/usr/local/etc/npmrc
7 verbose title npm exec tsx ./prisma/seed.ts
8 verbose argv "exec" "--" "tsx" "./prisma/seed.ts"
9 verbose logfile logs-max:10 dir:/Users/rajumaharjan/Documents/Anit Gravity Projects/Rent And Expenses Mgmt System/.npm_cache/_logs/2026-04-02T11_05_43_280Z-
10 verbose logfile /Users/rajumaharjan/Documents/Anit Gravity Projects/Rent And Expenses Mgmt System/.npm_cache/_logs/2026-04-02T11_05_43_280Z-debug-0.log
11 silly logfile done cleaning log files
12 silly packumentCache heap:4496293888 maxSize:1124073472 maxEntrySize:562036736
13 http fetch GET 200 https://registry.npmjs.org/tsx 211ms (cache miss)
14 silly packumentCache heap:4496293888 maxSize:1124073472 maxEntrySize:562036736
15 http fetch GET 200 https://registry.npmjs.org/npm 297ms
16 silly packumentCache heap:4496293888 maxSize:1124073472 maxEntrySize:562036736
17 silly idealTree buildDeps
18 silly fetch manifest tsx@4.21.0
19 silly packumentCache full:https://registry.npmjs.org/tsx cache-miss
20 http fetch GET 200 https://registry.npmjs.org/tsx 103ms (cache miss)
21 silly packumentCache full:https://registry.npmjs.org/tsx set size:undefined disposed:false
22 silly placeDep ROOT tsx@4.21.0 OK for:  want: 4.21.0
23 silly fetch manifest esbuild@~0.27.0
24 silly packumentCache full:https://registry.npmjs.org/esbuild cache-miss
25 silly fetch manifest get-tsconfig@^4.7.5
26 silly packumentCache full:https://registry.npmjs.org/get-tsconfig cache-miss
27 silly fetch manifest fsevents@~2.3.3
28 silly packumentCache full:https://registry.npmjs.org/fsevents cache-miss
29 http fetch GET 200 https://registry.npmjs.org/esbuild 126ms (cache miss)
30 silly packumentCache full:https://registry.npmjs.org/esbuild set size:undefined disposed:false
31 http fetch GET 200 https://registry.npmjs.org/fsevents 186ms (cache miss)
32 silly packumentCache full:https://registry.npmjs.org/fsevents set size:undefined disposed:false
33 http fetch GET 200 https://registry.npmjs.org/get-tsconfig 229ms (cache miss)
34 silly packumentCache full:https://registry.npmjs.org/get-tsconfig set size:undefined disposed:false
35 silly placeDep ROOT esbuild@0.27.5 OK for: tsx@4.21.0 want: ~0.27.0
36 silly placeDep ROOT fsevents@2.3.3 OK for: tsx@4.21.0 want: ~2.3.3
37 silly placeDep ROOT get-tsconfig@4.13.7 OK for: tsx@4.21.0 want: ^4.7.5
38 silly fetch manifest @esbuild/aix-ppc64@0.27.5
39 silly packumentCache full:https://registry.npmjs.org/@esbuild%2faix-ppc64 cache-miss
40 silly fetch manifest @esbuild/android-arm@0.27.5
41 silly packumentCache full:https://registry.npmjs.org/@esbuild%2fandroid-arm cache-miss
42 silly fetch manifest @esbuild/android-arm64@0.27.5
43 silly packumentCache full:https://registry.npmjs.org/@esbuild%2fandroid-arm64 cache-miss
44 silly fetch manifest @esbuild/android-x64@0.27.5
45 silly packumentCache full:https://registry.npmjs.org/@esbuild%2fandroid-x64 cache-miss
46 silly fetch manifest @esbuild/darwin-arm64@0.27.5
47 silly packumentCache full:https://registry.npmjs.org/@esbuild%2fdarwin-arm64 cache-miss
48 silly fetch manifest @esbuild/darwin-x64@0.27.5
49 silly packumentCache full:https://registry.npmjs.org/@esbuild%2fdarwin-x64 cache-miss
50 silly fetch manifest @esbuild/freebsd-arm64@0.27.5
51 silly packumentCache full:https://registry.npmjs.org/@esbuild%2ffreebsd-arm64 cache-miss
52 silly fetch manifest @esbuild/freebsd-x64@0.27.5
53 silly packumentCache full:https://registry.npmjs.org/@esbuild%2ffreebsd-x64 cache-miss
54 silly fetch manifest @esbuild/linux-arm@0.27.5
55 silly packumentCache full:https://registry.npmjs.org/@esbuild%2flinux-arm cache-miss
56 http fetch GET 200 https://registry.npmjs.org/@esbuild%2faix-ppc64 203ms (cache miss)
57 silly packumentCache full:https://registry.npmjs.org/@esbuild%2faix-ppc64 set size:undefined disposed:false
58 silly fetch manifest @esbuild/linux-arm64@0.27.5
59 silly packumentCache full:https://registry.npmjs.org/@esbuild%2flinux-arm64 cache-miss
60 http fetch GET 200 https://registry.npmjs.org/@esbuild%2fandroid-arm64 239ms (cache miss)
61 silly packumentCache full:https://registry.npmjs.org/@esbuild%2fandroid-arm64 set size:undefined disposed:false
62 silly fetch manifest @esbuild/linux-ia32@0.27.5
63 silly packumentCache full:https://registry.npmjs.org/@esbuild%2flinux-ia32 cache-miss
64 http fetch GET 200 https://registry.npmjs.org/@esbuild%2fandroid-arm 293ms (cache miss)
65 silly packumentCache full:https://registry.npmjs.org/@esbuild%2fandroid-arm set size:undefined disposed:false
66 silly fetch manifest @esbuild/linux-loong64@0.27.5
67 silly packumentCache full:https://registry.npmjs.org/@esbuild%2flinux-loong64 cache-miss
68 http fetch GET 200 https://registry.npmjs.org/@esbuild%2flinux-arm 332ms (cache miss)
69 silly packumentCache full:https://registry.npmjs.org/@esbuild%2flinux-arm set size:undefined disposed:false
70 silly fetch manifest @esbuild/linux-mips64el@0.27.5
71 silly packumentCache full:https://registry.npmjs.org/@esbuild%2flinux-mips64el cache-miss
72 http fetch GET 200 https://registry.npmjs.org/@esbuild%2fandroid-x64 363ms (cache miss)
73 silly packumentCache full:https://registry.npmjs.org/@esbuild%2fandroid-x64 set size:undefined disposed:false
74 silly fetch manifest @esbuild/linux-ppc64@0.27.5
75 silly packumentCache full:https://registry.npmjs.org/@esbuild%2flinux-ppc64 cache-miss
76 http fetch GET 200 https://registry.npmjs.org/@esbuild%2flinux-loong64 106ms (cache miss)
77 silly packumentCache full:https://registry.npmjs.org/@esbuild%2flinux-loong64 set size:undefined disposed:false
78 silly fetch manifest @esbuild/linux-riscv64@0.27.5
79 silly packumentCache full:https://registry.npmjs.org/@esbuild%2flinux-riscv64 cache-miss
80 http fetch GET 200 https://registry.npmjs.org/@esbuild%2flinux-ia32 235ms (cache miss)
81 silly packumentCache full:https://registry.npmjs.org/@esbuild%2flinux-ia32 set size:undefined disposed:false
82 silly fetch manifest @esbuild/linux-s390x@0.27.5
83 silly packumentCache full:https://registry.npmjs.org/@esbuild%2flinux-s390x cache-miss
84 http fetch GET 200 https://registry.npmjs.org/@esbuild%2ffreebsd-x64 591ms (cache miss)
85 silly packumentCache full:https://registry.npmjs.org/@esbuild%2ffreebsd-x64 set size:undefined disposed:false
86 silly fetch manifest @esbuild/linux-x64@0.27.5
87 silly packumentCache full:https://registry.npmjs.org/@esbuild%2flinux-x64 cache-miss
88 http fetch GET 200 https://registry.npmjs.org/@esbuild%2flinux-ppc64 241ms (cache miss)
89 silly packumentCache full:https://registry.npmjs.org/@esbuild%2flinux-ppc64 set size:undefined disposed:false
90 silly fetch manifest @esbuild/netbsd-arm64@0.27.5
91 silly packumentCache full:https://registry.npmjs.org/@esbuild%2fnetbsd-arm64 cache-miss
92 http fetch GET 200 https://registry.npmjs.org/@esbuild%2fdarwin-arm64 617ms (cache miss)
93 silly packumentCache full:https://registry.npmjs.org/@esbuild%2fdarwin-arm64 set size:undefined disposed:false
94 silly fetch manifest @esbuild/netbsd-x64@0.27.5
95 silly packumentCache full:https://registry.npmjs.org/@esbuild%2fnetbsd-x64 cache-miss
96 http fetch GET 200 https://registry.npmjs.org/@esbuild%2flinux-riscv64 330ms (cache miss)
97 silly packumentCache full:https://registry.npmjs.org/@esbuild%2flinux-riscv64 set size:undefined disposed:false
98 silly fetch manifest @esbuild/openbsd-arm64@0.27.5
99 silly packumentCache full:https://registry.npmjs.org/@esbuild%2fopenbsd-arm64 cache-miss
100 http fetch GET 200 https://registry.npmjs.org/@esbuild%2ffreebsd-arm64 880ms (cache miss)
101 silly packumentCache full:https://registry.npmjs.org/@esbuild%2ffreebsd-arm64 set size:undefined disposed:false
102 silly fetch manifest @esbuild/openbsd-x64@0.27.5
103 silly packumentCache full:https://registry.npmjs.org/@esbuild%2fopenbsd-x64 cache-miss
104 http fetch GET 200 https://registry.npmjs.org/@esbuild%2flinux-s390x 480ms (cache miss)
105 silly packumentCache full:https://registry.npmjs.org/@esbuild%2flinux-s390x set size:undefined disposed:false
106 silly fetch manifest @esbuild/openharmony-arm64@0.27.5
107 silly packumentCache full:https://registry.npmjs.org/@esbuild%2fopenharmony-arm64 cache-miss
108 http fetch GET 200 https://registry.npmjs.org/@esbuild%2fnetbsd-arm64 367ms (cache miss)
109 silly packumentCache full:https://registry.npmjs.org/@esbuild%2fnetbsd-arm64 set size:undefined disposed:false
110 silly fetch manifest @esbuild/sunos-x64@0.27.5
111 silly packumentCache full:https://registry.npmjs.org/@esbuild%2fsunos-x64 cache-miss
112 http fetch GET 200 https://registry.npmjs.org/@esbuild%2flinux-arm64 782ms (cache miss)
113 silly packumentCache full:https://registry.npmjs.org/@esbuild%2flinux-arm64 set size:undefined disposed:false
114 silly fetch manifest @esbuild/win32-arm64@0.27.5
115 silly packumentCache full:https://registry.npmjs.org/@esbuild%2fwin32-arm64 cache-miss
116 http fetch GET 200 https://registry.npmjs.org/@esbuild%2flinux-x64 402ms (cache miss)
117 silly packumentCache full:https://registry.npmjs.org/@esbuild%2flinux-x64 set size:undefined disposed:false
118 silly fetch manifest @esbuild/win32-ia32@0.27.5
119 silly packumentCache full:https://registry.npmjs.org/@esbuild%2fwin32-ia32 cache-miss
120 http fetch GET 200 https://registry.npmjs.org/@esbuild%2fnetbsd-x64 460ms (cache miss)
121 silly packumentCache full:https://registry.npmjs.org/@esbuild%2fnetbsd-x64 set size:undefined disposed:false
122 silly fetch manifest @esbuild/win32-x64@0.27.5
123 silly packumentCache full:https://registry.npmjs.org/@esbuild%2fwin32-x64 cache-miss
124 http fetch GET 200 https://registry.npmjs.org/@esbuild%2fopenbsd-x64 251ms (cache miss)
125 silly packumentCache full:https://registry.npmjs.org/@esbuild%2fopenbsd-x64 set size:undefined disposed:false
126 silly fetch manifest resolve-pkg-maps@^1.0.0
127 silly packumentCache full:https://registry.npmjs.org/resolve-pkg-maps cache-miss
128 http fetch GET 200 https://registry.npmjs.org/resolve-pkg-maps 121ms (cache miss)
129 silly packumentCache full:https://registry.npmjs.org/resolve-pkg-maps set size:undefined disposed:false
130 http fetch GET 200 https://registry.npmjs.org/@esbuild%2fwin32-x64 252ms (cache miss)
131 silly packumentCache full:https://registry.npmjs.org/@esbuild%2fwin32-x64 set size:undefined disposed:false
132 http fetch GET 200 https://registry.npmjs.org/@esbuild%2fdarwin-x64 1339ms (cache miss)
133 silly packumentCache full:https://registry.npmjs.org/@esbuild%2fdarwin-x64 set size:undefined disposed:false
134 http fetch GET 200 https://registry.npmjs.org/@esbuild%2fwin32-ia32 386ms (cache miss)
135 silly packumentCache full:https://registry.npmjs.org/@esbuild%2fwin32-ia32 set size:undefined disposed:false
136 http fetch GET 200 https://registry.npmjs.org/@esbuild%2fwin32-arm64 494ms (cache miss)
137 silly packumentCache full:https://registry.npmjs.org/@esbuild%2fwin32-arm64 set size:undefined disposed:false
138 http fetch GET 200 https://registry.npmjs.org/@esbuild%2flinux-mips64el 1222ms (cache miss)
139 silly packumentCache full:https://registry.npmjs.org/@esbuild%2flinux-mips64el set size:undefined disposed:false
140 http fetch GET 200 https://registry.npmjs.org/@esbuild%2fsunos-x64 804ms (cache miss)
141 silly packumentCache full:https://registry.npmjs.org/@esbuild%2fsunos-x64 set size:undefined disposed:false
142 http fetch GET 200 https://registry.npmjs.org/@esbuild%2fopenbsd-arm64 1063ms (cache miss)
143 silly packumentCache full:https://registry.npmjs.org/@esbuild%2fopenbsd-arm64 set size:undefined disposed:false
144 http fetch GET 200 https://registry.npmjs.org/@esbuild%2fopenharmony-arm64 1009ms (cache miss)
145 silly packumentCache full:https://registry.npmjs.org/@esbuild%2fopenharmony-arm64 set size:undefined disposed:false
146 silly placeDep ROOT @esbuild/aix-ppc64@0.27.5 OK for: esbuild@0.27.5 want: 0.27.5
147 silly placeDep ROOT @esbuild/android-arm@0.27.5 OK for: esbuild@0.27.5 want: 0.27.5
148 silly placeDep ROOT @esbuild/android-arm64@0.27.5 OK for: esbuild@0.27.5 want: 0.27.5
149 silly placeDep ROOT @esbuild/android-x64@0.27.5 OK for: esbuild@0.27.5 want: 0.27.5
150 silly placeDep ROOT @esbuild/darwin-arm64@0.27.5 OK for: esbuild@0.27.5 want: 0.27.5
151 silly placeDep ROOT @esbuild/darwin-x64@0.27.5 OK for: esbuild@0.27.5 want: 0.27.5
152 silly placeDep ROOT @esbuild/freebsd-arm64@0.27.5 OK for: esbuild@0.27.5 want: 0.27.5
153 silly placeDep ROOT @esbuild/freebsd-x64@0.27.5 OK for: esbuild@0.27.5 want: 0.27.5
154 silly placeDep ROOT @esbuild/linux-arm@0.27.5 OK for: esbuild@0.27.5 want: 0.27.5
155 silly placeDep ROOT @esbuild/linux-arm64@0.27.5 OK for: esbuild@0.27.5 want: 0.27.5
156 silly placeDep ROOT @esbuild/linux-ia32@0.27.5 OK for: esbuild@0.27.5 want: 0.27.5
157 silly placeDep ROOT @esbuild/linux-loong64@0.27.5 OK for: esbuild@0.27.5 want: 0.27.5
158 silly placeDep ROOT @esbuild/linux-mips64el@0.27.5 OK for: esbuild@0.27.5 want: 0.27.5
159 silly placeDep ROOT @esbuild/linux-ppc64@0.27.5 OK for: esbuild@0.27.5 want: 0.27.5
160 silly placeDep ROOT @esbuild/linux-riscv64@0.27.5 OK for: esbuild@0.27.5 want: 0.27.5
161 silly placeDep ROOT @esbuild/linux-s390x@0.27.5 OK for: esbuild@0.27.5 want: 0.27.5
162 silly placeDep ROOT @esbuild/linux-x64@0.27.5 OK for: esbuild@0.27.5 want: 0.27.5
163 silly placeDep ROOT @esbuild/netbsd-arm64@0.27.5 OK for: esbuild@0.27.5 want: 0.27.5
164 silly placeDep ROOT @esbuild/netbsd-x64@0.27.5 OK for: esbuild@0.27.5 want: 0.27.5
165 silly placeDep ROOT @esbuild/openbsd-arm64@0.27.5 OK for: esbuild@0.27.5 want: 0.27.5
166 silly placeDep ROOT @esbuild/openbsd-x64@0.27.5 OK for: esbuild@0.27.5 want: 0.27.5
167 silly placeDep ROOT @esbuild/openharmony-arm64@0.27.5 OK for: esbuild@0.27.5 want: 0.27.5
168 silly placeDep ROOT @esbuild/sunos-x64@0.27.5 OK for: esbuild@0.27.5 want: 0.27.5
169 silly placeDep ROOT @esbuild/win32-arm64@0.27.5 OK for: esbuild@0.27.5 want: 0.27.5
170 silly placeDep ROOT @esbuild/win32-ia32@0.27.5 OK for: esbuild@0.27.5 want: 0.27.5
171 silly placeDep ROOT @esbuild/win32-x64@0.27.5 OK for: esbuild@0.27.5 want: 0.27.5
172 silly placeDep ROOT resolve-pkg-maps@1.0.0 OK for: get-tsconfig@4.13.7 want: ^1.0.0
173 silly reify moves {}
174 silly audit bulk request {
174 silly audit   tsx: [ '4.21.0' ],
174 silly audit   esbuild: [ '0.27.5' ],
174 silly audit   fsevents: [ '2.3.3' ],
174 silly audit   'get-tsconfig': [ '4.13.7' ],
174 silly audit   '@esbuild/aix-ppc64': [ '0.27.5' ],
174 silly audit   '@esbuild/android-arm': [ '0.27.5' ],
174 silly audit   '@esbuild/android-arm64': [ '0.27.5' ],
174 silly audit   '@esbuild/android-x64': [ '0.27.5' ],
174 silly audit   '@esbuild/darwin-arm64': [ '0.27.5' ],
174 silly audit   '@esbuild/darwin-x64': [ '0.27.5' ],
174 silly audit   '@esbuild/freebsd-arm64': [ '0.27.5' ],
174 silly audit   '@esbuild/freebsd-x64': [ '0.27.5' ],
174 silly audit   '@esbuild/linux-arm': [ '0.27.5' ],
174 silly audit   '@esbuild/linux-arm64': [ '0.27.5' ],
174 silly audit   '@esbuild/linux-ia32': [ '0.27.5' ],
174 silly audit   '@esbuild/linux-loong64': [ '0.27.5' ],
174 silly audit   '@esbuild/linux-mips64el': [ '0.27.5' ],
174 silly audit   '@esbuild/linux-ppc64': [ '0.27.5' ],
174 silly audit   '@esbuild/linux-riscv64': [ '0.27.5' ],
174 silly audit   '@esbuild/linux-s390x': [ '0.27.5' ],
174 silly audit   '@esbuild/linux-x64': [ '0.27.5' ],
174 silly audit   '@esbuild/netbsd-arm64': [ '0.27.5' ],
174 silly audit   '@esbuild/netbsd-x64': [ '0.27.5' ],
174 silly audit   '@esbuild/openbsd-arm64': [ '0.27.5' ],
174 silly audit   '@esbuild/openbsd-x64': [ '0.27.5' ],
174 silly audit   '@esbuild/openharmony-arm64': [ '0.27.5' ],
174 silly audit   '@esbuild/sunos-x64': [ '0.27.5' ],
174 silly audit   '@esbuild/win32-arm64': [ '0.27.5' ],
174 silly audit   '@esbuild/win32-ia32': [ '0.27.5' ],
174 silly audit   '@esbuild/win32-x64': [ '0.27.5' ],
174 silly audit   'resolve-pkg-maps': [ '1.0.0' ]
174 silly audit }
175 http cache resolve-pkg-maps@https://registry.npmjs.org/resolve-pkg-maps/-/resolve-pkg-maps-1.0.0.tgz 0ms (cache hit)
176 http cache @esbuild/darwin-arm64@https://registry.npmjs.org/@esbuild/darwin-arm64/-/darwin-arm64-0.27.5.tgz 0ms (cache hit)
177 http cache esbuild@https://registry.npmjs.org/esbuild/-/esbuild-0.27.5.tgz 0ms (cache hit)
178 http cache get-tsconfig@https://registry.npmjs.org/get-tsconfig/-/get-tsconfig-4.13.7.tgz 0ms (cache hit)
179 silly tarball no local data for resolve-pkg-maps@https://registry.npmjs.org/resolve-pkg-maps/-/resolve-pkg-maps-1.0.0.tgz. Extracting by manifest.
180 http cache fsevents@https://registry.npmjs.org/fsevents/-/fsevents-2.3.3.tgz 0ms (cache hit)
181 http cache tsx@https://registry.npmjs.org/tsx/-/tsx-4.21.0.tgz 0ms (cache hit)
182 silly tarball no local data for @esbuild/darwin-arm64@https://registry.npmjs.org/@esbuild/darwin-arm64/-/darwin-arm64-0.27.5.tgz. Extracting by manifest.
183 silly tarball no local data for esbuild@https://registry.npmjs.org/esbuild/-/esbuild-0.27.5.tgz. Extracting by manifest.
184 silly tarball no local data for get-tsconfig@https://registry.npmjs.org/get-tsconfig/-/get-tsconfig-4.13.7.tgz. Extracting by manifest.
185 silly tarball no local data for fsevents@https://registry.npmjs.org/fsevents/-/fsevents-2.3.3.tgz. Extracting by manifest.
186 silly tarball no local data for tsx@https://registry.npmjs.org/tsx/-/tsx-4.21.0.tgz. Extracting by manifest.
187 http fetch GET 200 https://registry.npmjs.org/esbuild/-/esbuild-0.27.5.tgz 66ms (cache miss)
188 http fetch GET 200 https://registry.npmjs.org/resolve-pkg-maps/-/resolve-pkg-maps-1.0.0.tgz 78ms (cache miss)
189 http fetch GET 200 https://registry.npmjs.org/get-tsconfig/-/get-tsconfig-4.13.7.tgz 75ms (cache miss)
190 http fetch GET 200 https://registry.npmjs.org/fsevents/-/fsevents-2.3.3.tgz 102ms (cache miss)
191 http fetch GET 200 https://registry.npmjs.org/tsx/-/tsx-4.21.0.tgz 184ms (cache miss)
192 http fetch POST 200 https://registry.npmjs.org/-/npm/v1/security/advisories/bulk 359ms
193 silly audit report {}
194 http fetch GET 200 https://registry.npmjs.org/@esbuild/darwin-arm64/-/darwin-arm64-0.27.5.tgz 853ms (cache miss)
195 info run fsevents@2.3.3 install node_modules/fsevents node-gyp rebuild
196 info run fsevents@2.3.3 install { code: 1, signal: null }
197 verbose reify failed optional dependency /Users/rajumaharjan/Documents/Anit Gravity Projects/Rent And Expenses Mgmt System/.npm_cache/_npx/fd45a72a545557e9/node_modules/fsevents
198 silly reify mark deleted [
198 silly reify   '/Users/rajumaharjan/Documents/Anit Gravity Projects/Rent And Expenses Mgmt System/.npm_cache/_npx/fd45a72a545557e9/node_modules/fsevents'
198 silly reify ]
199 info run esbuild@0.27.5 postinstall node_modules/esbuild node install.js
200 info run esbuild@0.27.5 postinstall { code: 0, signal: null }
201 verbose cwd /Users/rajumaharjan/Documents/Anit Gravity Projects/Rent And Expenses Mgmt System
202 verbose os Darwin 25.4.0
203 verbose node v24.13.0
204 verbose npm  v11.6.2
205 notice
205 notice New [33mminor[39m version of npm available! [33m11.6.2[39m -> [34m11.12.1[39m
205 notice Changelog: [34mhttps://github.com/npm/cli/releases/tag/v11.12.1[39m
205 notice To update run: [4mnpm install -g npm@11.12.1[24m
205 notice  { force: true, Symbol(proc-log.meta): true }
206 verbose exit 1
207 verbose code 1
