0 verbose cli /usr/local/bin/node /usr/local/bin/npm
1 info using npm@11.6.2
2 info using node@v24.13.0
3 silly config load:file:/usr/local/lib/node_modules/npm/npmrc
4 silly config load:file:/Users/rajumaharjan/Documents/Anit Gravity Projects/Rent And Expenses Mgmt System/.npmrc
5 silly config load:file:/Users/rajumaharjan/.npmrc
6 silly config load:file:/usr/local/etc/npmrc
7 verbose title npm install react-hot-toast
8 verbose argv "install" "react-hot-toast" "--cache" "./.npm_cache"
9 verbose logfile logs-max:10 dir:/Users/rajumaharjan/Documents/Anit Gravity Projects/Rent And Expenses Mgmt System/.npm_cache/_logs/2026-04-03T10_46_36_177Z-
10 verbose logfile /Users/rajumaharjan/Documents/Anit Gravity Projects/Rent And Expenses Mgmt System/.npm_cache/_logs/2026-04-03T10_46_36_177Z-debug-0.log
11 silly logfile done cleaning log files
12 silly packumentCache heap:4496293888 maxSize:1124073472 maxEntrySize:562036736
13 silly idealTree buildDeps
14 silly fetch manifest react-hot-toast@*
15 silly packumentCache full:https://registry.npmjs.org/react-hot-toast cache-miss
16 http fetch GET 200 https://registry.npmjs.org/react-hot-toast 340ms (cache miss)
17 silly packumentCache full:https://registry.npmjs.org/react-hot-toast set size:undefined disposed:false
18 silly fetch manifest react@19.2.4
19 silly packumentCache full:https://registry.npmjs.org/react cache-miss
20 http fetch GET 200 https://registry.npmjs.org/react 65ms (cache revalidated)
21 silly packumentCache full:https://registry.npmjs.org/react set size:6581055 disposed:false
22 silly fetch manifest react-dom@19.2.4
23 silly packumentCache full:https://registry.npmjs.org/react-dom cache-miss
24 http fetch GET 200 https://registry.npmjs.org/react-dom 76ms (cache revalidated)
25 silly packumentCache full:https://registry.npmjs.org/react-dom set size:8749386 disposed:false
26 silly placeDep ROOT react-hot-toast@2.6.0 OK for: tmp-next@0.1.1 want: *
27 silly fetch manifest goober@^2.1.16
28 silly packumentCache full:https://registry.npmjs.org/goober cache-miss
29 http fetch GET 200 https://registry.npmjs.org/goober 421ms (cache miss)
30 silly packumentCache full:https://registry.npmjs.org/goober set size:undefined disposed:false
31 silly fetch manifest csstype@^3.1.3
32 silly packumentCache full:https://registry.npmjs.org/csstype cache-miss
33 http fetch GET 200 https://registry.npmjs.org/csstype 76ms (cache miss)
34 silly packumentCache full:https://registry.npmjs.org/csstype set size:undefined disposed:false
35 silly placeDep ROOT goober@2.1.18 OK for: react-hot-toast@2.6.0 want: ^2.1.16
36 silly reify moves {}
37 silly audit bulk request {
37 silly audit   '@alloc/quick-lru': [ '5.2.0' ],
37 silly audit   '@auth/core': [ '0.41.0' ],
37 silly audit   '@babel/code-frame': [ '7.29.0' ],
37 silly audit   '@babel/compat-data': [ '7.29.0' ],
37 silly audit   '@babel/core': [ '7.29.0' ],
37 silly audit   '@babel/generator': [ '7.29.1' ],
37 silly audit   '@babel/helper-compilation-targets': [ '7.28.6' ],
37 silly audit   '@babel/helper-globals': [ '7.28.0' ],
37 silly audit   '@babel/helper-module-imports': [ '7.28.6' ],
37 silly audit   '@babel/helper-module-transforms': [ '7.28.6' ],
37 silly audit   '@babel/helper-string-parser': [ '7.27.1' ],
37 silly audit   '@babel/helper-validator-identifier': [ '7.28.5' ],
37 silly audit   '@babel/helper-validator-option': [ '7.27.1' ],
37 silly audit   '@babel/helpers': [ '7.29.2' ],
37 silly audit   '@babel/parser': [ '7.29.2' ],
37 silly audit   '@babel/runtime': [ '7.29.2' ],
37 silly audit   '@babel/template': [ '7.28.6' ],
37 silly audit   '@babel/traverse': [ '7.29.0' ],
37 silly audit   '@babel/types': [ '7.29.0' ],
37 silly audit   '@clack/core': [ '0.5.0' ],
37 silly audit   '@clack/prompts': [ '0.11.0' ],
37 silly audit   '@cspotcode/source-map-support': [ '0.8.1' ],
37 silly audit   '@jridgewell/trace-mapping': [ '0.3.9', '0.3.31' ],
37 silly audit   '@electric-sql/pglite': [ '0.4.1' ],
37 silly audit   '@electric-sql/pglite-socket': [ '0.1.1' ],
37 silly audit   '@electric-sql/pglite-tools': [ '0.3.1' ],
37 silly audit   '@emnapi/core': [ '1.9.1' ],
37 silly audit   '@emnapi/runtime': [ '1.9.1' ],
37 silly audit   '@emnapi/wasi-threads': [ '1.2.0' ],
37 silly audit   '@eslint-community/eslint-utils': [ '4.9.1' ],
37 silly audit   'eslint-visitor-keys': [ '3.4.3', '5.0.1', '4.2.1' ],
37 silly audit   '@eslint-community/regexpp': [ '4.12.2' ],
37 silly audit   '@eslint/config-array': [ '0.21.2' ],
37 silly audit   '@eslint/config-helpers': [ '0.4.2' ],
37 silly audit   '@eslint/core': [ '0.17.0' ],
37 silly audit   '@eslint/eslintrc': [ '3.3.5' ],
37 silly audit   '@eslint/js': [ '9.39.4' ],
37 silly audit   '@eslint/object-schema': [ '2.1.7' ],
37 silly audit   '@eslint/plugin-kit': [ '0.4.1' ],
37 silly audit   '@hono/node-server': [ '1.19.11' ],
37 silly audit   '@hookform/resolvers': [ '5.2.2' ],
37 silly audit   '@humanfs/core': [ '0.19.1' ],
37 silly audit   '@humanfs/node': [ '0.16.7' ],
37 silly audit   '@humanwhocodes/module-importer': [ '1.0.1' ],
37 silly audit   '@humanwhocodes/retry': [ '0.4.3' ],
37 silly audit   '@img/colour': [ '1.1.0' ],
37 silly audit   '@img/sharp-darwin-arm64': [ '0.34.5' ],
37 silly audit   '@img/sharp-darwin-x64': [ '0.34.5' ],
37 silly audit   '@img/sharp-libvips-darwin-arm64': [ '1.2.4' ],
37 silly audit   '@img/sharp-libvips-darwin-x64': [ '1.2.4' ],
37 silly audit   '@img/sharp-libvips-linux-arm': [ '1.2.4' ],
37 silly audit   '@img/sharp-libvips-linux-arm64': [ '1.2.4' ],
37 silly audit   '@img/sharp-libvips-linux-ppc64': [ '1.2.4' ],
37 silly audit   '@img/sharp-libvips-linux-riscv64': [ '1.2.4' ],
37 silly audit   '@img/sharp-libvips-linux-s390x': [ '1.2.4' ],
37 silly audit   '@img/sharp-libvips-linux-x64': [ '1.2.4' ],
37 silly audit   '@img/sharp-libvips-linuxmusl-arm64': [ '1.2.4' ],
37 silly audit   '@img/sharp-libvips-linuxmusl-x64': [ '1.2.4' ],
37 silly audit   '@img/sharp-linux-arm': [ '0.34.5' ],
37 silly audit   '@img/sharp-linux-arm64': [ '0.34.5' ],
37 silly audit   '@img/sharp-linux-ppc64': [ '0.34.5' ],
37 silly audit   '@img/sharp-linux-riscv64': [ '0.34.5' ],
37 silly audit   '@img/sharp-linux-s390x': [ '0.34.5' ],
37 silly audit   '@img/sharp-linux-x64': [ '0.34.5' ],
37 silly audit   '@img/sharp-linuxmusl-arm64': [ '0.34.5' ],
37 silly audit   '@img/sharp-linuxmusl-x64': [ '0.34.5' ],
37 silly audit   '@img/sharp-wasm32': [ '0.34.5' ],
37 silly audit   '@img/sharp-win32-arm64': [ '0.34.5' ],
37 silly audit   '@img/sharp-win32-ia32': [ '0.34.5' ],
37 silly audit   '@img/sharp-win32-x64': [ '0.34.5' ],
37 silly audit   '@jridgewell/gen-mapping': [ '0.3.13' ],
37 silly audit   '@jridgewell/remapping': [ '2.3.5' ],
37 silly audit   '@jridgewell/resolve-uri': [ '3.1.2' ],
37 silly audit   '@jridgewell/sourcemap-codec': [ '1.5.5' ],
37 silly audit   '@kurkle/color': [ '0.3.4' ],
37 silly audit   '@napi-rs/wasm-runtime': [ '0.2.12' ],
37 silly audit   '@next/env': [ '16.2.1' ],
37 silly audit   '@next/eslint-plugin-next': [ '16.2.1' ],
37 silly audit   '@next/swc-darwin-arm64': [ '16.2.1' ],
37 silly audit   '@next/swc-darwin-x64': [ '16.2.1' ],
37 silly audit   '@next/swc-linux-arm64-gnu': [ '16.2.1' ],
37 silly audit   '@next/swc-linux-arm64-musl': [ '16.2.1' ],
37 silly audit   '@next/swc-linux-x64-gnu': [ '16.2.1' ],
37 silly audit   '@next/swc-linux-x64-musl': [ '16.2.1' ],
37 silly audit   '@next/swc-win32-arm64-msvc': [ '16.2.1' ],
37 silly audit   '@next/swc-win32-x64-msvc': [ '16.2.1' ],
37 silly audit   '@nodelib/fs.scandir': [ '2.1.5' ],
37 silly audit   '@nodelib/fs.stat': [ '2.0.5' ],
37 silly audit   '@nodelib/fs.walk': [ '1.2.8' ],
37 silly audit   '@nolyfill/is-core-module': [ '1.0.39' ],
37 silly audit   '@panva/hkdf': [ '1.2.1' ],
37 silly audit   '@prisma/adapter-pg': [ '7.6.0' ],
37 silly audit   '@prisma/client': [ '7.6.0' ],
37 silly audit   '@prisma/client-runtime-utils': [ '7.6.0' ],
37 silly audit   '@prisma/config': [ '7.6.0' ],
37 silly audit   '@prisma/debug': [ '7.6.0', '7.2.0' ],
37 silly audit   '@prisma/dev': [ '0.24.3' ],
37 silly audit   '@prisma/driver-adapter-utils': [ '7.6.0' ],
37 silly audit   '@prisma/engines': [ '7.6.0' ],
37 silly audit   '@prisma/engines-version': [ '7.6.0-1.75cbdc1eb7150937890ad5465d861175c6624711' ],
37 silly audit   '@prisma/get-platform': [ '7.6.0', '7.2.0' ],
37 silly audit   '@prisma/fetch-engine': [ '7.6.0' ],
37 silly audit   '@prisma/query-plan-executor': [ '7.2.0' ],
37 silly audit   '@prisma/streams-local': [ '0.1.2' ],
37 silly audit   ajv: [ '8.18.0', '6.14.0' ],
37 silly audit   'json-schema-traverse': [ '1.0.0', '0.4.1' ],
37 silly audit   '@prisma/studio-core': [ '0.27.3' ],
37 silly audit   '@radix-ui/primitive': [ '1.1.3' ],
37 silly audit   '@radix-ui/react-compose-refs': [ '1.1.2' ],
37 silly audit   '@radix-ui/react-primitive': [ '2.1.3' ],
37 silly audit   '@radix-ui/react-slot': [ '1.2.3' ],
37 silly audit   '@radix-ui/react-toggle': [ '1.1.10' ],
37 silly audit   '@radix-ui/react-use-controllable-state': [ '1.2.2' ],
37 silly audit   '@radix-ui/react-use-effect-event': [ '0.0.2' ],
37 silly audit   '@radix-ui/react-use-layout-effect': [ '1.1.1' ],
37 silly audit   '@react-pdf/fns': [ '3.1.2' ],
37 silly audit   '@react-pdf/font': [ '4.0.4' ],
37 silly audit   '@react-pdf/image': [ '3.0.4' ],
37 silly audit   '@react-pdf/layout': [ '4.4.2' ],
37 silly audit   '@react-pdf/pdfkit': [ '4.1.0' ],
37 silly audit   '@react-pdf/png-js': [ '3.0.0' ],
37 silly audit   '@react-pdf/primitives': [ '4.1.1' ],
37 silly audit   '@react-pdf/reconciler': [ '2.0.0' ],
37 silly audit   scheduler: [ '0.25.0-rc-603e6108-20241029', '0.27.0' ],
37 silly audit   '@react-pdf/render': [ '4.3.2' ],
37 silly audit   '@react-pdf/renderer': [ '4.3.2' ],
37 silly audit   '@react-pdf/stylesheet': [ '6.1.2' ],
37 silly audit   '@react-pdf/textkit': [ '6.1.0' ],
37 silly audit   '@react-pdf/types': [ '2.9.2' ],
37 silly audit   '@reduxjs/toolkit': [ '2.11.2' ],
37 silly audit   immer: [ '11.1.4', '10.2.0' ],
37 silly audit   '@rtsao/scc': [ '1.1.0' ],
37 silly audit   '@standard-schema/spec': [ '1.1.0' ],
37 silly audit   '@standard-schema/utils': [ '0.3.0' ],
37 silly audit   '@swc/helpers': [ '0.5.15' ],
37 silly audit   '@tailwindcss/node': [ '4.2.2' ],
37 silly audit   '@tailwindcss/oxide': [ '4.2.2' ],
37 silly audit   '@tailwindcss/oxide-android-arm64': [ '4.2.2' ],
37 silly audit   '@tailwindcss/oxide-darwin-arm64': [ '4.2.2' ],
37 silly audit   '@tailwindcss/oxide-darwin-x64': [ '4.2.2' ],
37 silly audit   '@tailwindcss/oxide-freebsd-x64': [ '4.2.2' ],
37 silly audit   '@tailwindcss/oxide-linux-arm-gnueabihf': [ '4.2.2' ],
37 silly audit   '@tailwindcss/oxide-linux-arm64-gnu': [ '4.2.2' ],
37 silly audit   '@tailwindcss/oxide-linux-arm64-musl': [ '4.2.2' ],
37 silly audit   '@tailwindcss/oxide-linux-x64-gnu': [ '4.2.2' ],
37 silly audit   '@tailwindcss/oxide-linux-x64-musl': [ '4.2.2' ],
37 silly audit   '@tailwindcss/oxide-wasm32-wasi': [ '4.2.2' ],
37 silly audit   '@tailwindcss/oxide-win32-arm64-msvc': [ '4.2.2' ],
37 silly audit   '@tailwindcss/oxide-win32-x64-msvc': [ '4.2.2' ],
37 silly audit   '@tailwindcss/postcss': [ '4.2.2' ],
37 silly audit   '@tsconfig/node10': [ '1.0.12' ],
37 silly audit   '@tsconfig/node12': [ '1.0.11' ],
37 silly audit   '@tsconfig/node14': [ '1.0.3' ],
37 silly audit   '@tsconfig/node16': [ '1.0.4' ],
37 silly audit   '@tybys/wasm-util': [ '0.10.1' ],
37 silly audit   '@types/bcryptjs': [ '2.4.6' ],
37 silly audit   '@types/d3-array': [ '3.2.2' ],
37 silly audit   '@types/d3-color': [ '3.1.3' ],
37 silly audit   '@types/d3-ease': [ '3.0.2' ],
37 silly audit   '@types/d3-interpolate': [ '3.0.4' ],
37 silly audit   '@types/d3-path': [ '3.1.1' ],
37 silly audit   '@types/d3-scale': [ '4.0.9' ],
37 silly audit   '@types/d3-shape': [ '3.1.8' ],
37 silly audit   '@types/d3-time': [ '3.0.4' ],
37 silly audit   '@types/d3-timer': [ '3.0.2' ],
37 silly audit   '@types/estree': [ '1.0.8' ],
37 silly audit   '@types/json-schema': [ '7.0.15' ],
37 silly audit   '@types/json5': [ '0.0.29' ],
37 silly audit   '@types/node': [ '20.19.37' ],
37 silly audit   '@types/pg': [ '8.20.0' ],
37 silly audit   '@types/react': [ '19.2.14' ],
37 silly audit   '@types/react-dom': [ '19.2.3' ],
37 silly audit   '@types/use-sync-external-store': [ '0.0.6' ],
37 silly audit   '@typescript-eslint/eslint-plugin': [ '8.58.0' ],
37 silly audit   ignore: [ '7.0.5', '5.3.2' ],
37 silly audit   '@typescript-eslint/parser': [ '8.58.0' ],
37 silly audit   '@typescript-eslint/project-service': [ '8.58.0' ],
37 silly audit   '@typescript-eslint/scope-manager': [ '8.58.0' ],
37 silly audit   '@typescript-eslint/tsconfig-utils': [ '8.58.0' ],
37 silly audit   '@typescript-eslint/type-utils': [ '8.58.0' ],
37 silly audit   '@typescript-eslint/types': [ '8.58.0' ],
37 silly audit   '@typescript-eslint/typescript-estree': [ '8.58.0' ],
37 silly audit   'balanced-match': [ '4.0.4', '1.0.2' ],
37 silly audit   'brace-expansion': [ '5.0.5', '1.1.13' ],
37 silly audit   minimatch: [ '10.2.5', '3.1.5' ],
37 silly audit   semver: [ '7.7.4', '6.3.1' ],
37 silly audit   '@typescript-eslint/utils': [ '8.58.0' ],
37 silly audit   '@typescript-eslint/visitor-keys': [ '8.58.0' ],
37 silly audit   '@unrs/resolver-binding-android-arm-eabi': [ '1.11.1' ],
37 silly audit   '@unrs/resolver-binding-android-arm64': [ '1.11.1' ],
37 silly audit   '@unrs/resolver-binding-darwin-arm64': [ '1.11.1' ],
37 silly audit   '@unrs/resolver-binding-darwin-x64': [ '1.11.1' ],
37 silly audit   '@unrs/resolver-binding-freebsd-x64': [ '1.11.1' ],
37 silly audit   '@unrs/resolver-binding-linux-arm-gnueabihf': [ '1.11.1' ],
37 silly audit   '@unrs/resolver-binding-linux-arm-musleabihf': [ '1.11.1' ],
37 silly audit   '@unrs/resolver-binding-linux-arm64-gnu': [ '1.11.1' ],
37 silly audit   '@unrs/resolver-binding-linux-arm64-musl': [ '1.11.1' ],
37 silly audit   '@unrs/resolver-binding-linux-ppc64-gnu': [ '1.11.1' ],
37 silly audit   '@unrs/resolver-binding-linux-riscv64-gnu': [ '1.11.1' ],
37 silly audit   '@unrs/resolver-binding-linux-riscv64-musl': [ '1.11.1' ],
37 silly audit   '@unrs/resolver-binding-linux-s390x-gnu': [ '1.11.1' ],
37 silly audit   '@unrs/resolver-binding-linux-x64-gnu': [ '1.11.1' ],
37 silly audit   '@unrs/resolver-binding-linux-x64-musl': [ '1.11.1' ],
37 silly audit   '@unrs/resolver-binding-wasm32-wasi': [ '1.11.1' ],
37 silly audit   '@unrs/resolver-binding-win32-arm64-msvc': [ '1.11.1' ],
37 silly audit   '@unrs/resolver-binding-win32-ia32-msvc': [ '1.11.1' ],
37 silly audit   '@unrs/resolver-binding-win32-x64-msvc': [ '1.11.1' ],
37 silly audit   'abs-svg-path': [ '0.1.1' ],
37 silly audit   acorn: [ '8.16.0' ],
37 silly audit   'acorn-jsx': [ '5.3.2' ],
37 silly audit   'acorn-walk': [ '8.3.5' ],
37 silly audit   'ansi-styles': [ '4.3.0' ],
37 silly audit   arg: [ '4.1.3' ],
37 silly audit   argparse: [ '2.0.1' ],
37 silly audit   'aria-query': [ '5.3.2' ],
37 silly audit   'array-buffer-byte-length': [ '1.0.2' ],
37 silly audit   'array-includes': [ '3.1.9' ],
37 silly audit   'array.prototype.findlast': [ '1.2.5' ],
37 silly audit   'array.prototype.findlastindex': [ '1.2.6' ],
37 silly audit   'array.prototype.flat': [ '1.3.3' ],
37 silly audit   'array.prototype.flatmap': [ '1.3.3' ],
37 silly audit   'array.prototype.tosorted': [ '1.1.4' ],
37 silly audit   'arraybuffer.prototype.slice': [ '1.0.4' ],
37 silly audit   'ast-types-flow': [ '0.0.8' ],
37 silly audit   'async-function': [ '1.0.0' ],
37 silly audit   'available-typed-arrays': [ '1.0.7' ],
37 silly audit   'aws-ssl-profiles': [ '1.1.2' ],
37 silly audit   'axe-core': [ '4.11.1' ],
37 silly audit   'axobject-query': [ '4.1.0' ],
37 silly audit   'base64-js': [ '1.5.1', '0.0.8' ],
37 silly audit   'baseline-browser-mapping': [ '2.10.12' ],
37 silly audit   bcryptjs: [ '3.0.3' ],
37 silly audit   'better-result': [ '2.7.0' ],
37 silly audit   'bidi-js': [ '1.0.3' ],
37 silly audit   braces: [ '3.0.3' ],
37 silly audit   brotli: [ '1.3.3' ],
37 silly audit   'browserify-zlib': [ '0.2.0' ],
37 silly audit   browserslist: [ '4.28.1' ],
37 silly audit   c12: [ '3.1.0' ],
37 silly audit   dotenv: [ '16.6.1', '17.3.1' ],
37 silly audit   'call-bind': [ '1.0.8' ],
37 silly audit   'call-bind-apply-helpers': [ '1.0.2' ],
37 silly audit   'call-bound': [ '1.0.4' ],
37 silly audit   callsites: [ '3.1.0' ],
37 silly audit   'caniuse-lite': [ '1.0.30001782' ],
37 silly audit   chalk: [ '4.1.2' ],
37 silly audit   'chart.js': [ '4.5.1' ],
37 silly audit   chokidar: [ '4.0.3' ],
37 silly audit   citty: [ '0.1.6', '0.2.1' ],
37 silly audit   'client-only': [ '0.0.1' ],
37 silly audit   clone: [ '2.1.2' ],
37 silly audit   clsx: [ '2.1.1' ],
37 silly audit   'color-convert': [ '2.0.1' ],
37 silly audit   'color-name': [ '1.1.4' ],
37 silly audit   'color-string': [ '1.9.1' ],
37 silly audit   'concat-map': [ '0.0.1' ],
37 silly audit   confbox: [ '0.2.4' ],
37 silly audit   consola: [ '3.4.2' ],
37 silly audit   'convert-source-map': [ '2.0.0' ],
37 silly audit   'create-require': [ '1.1.1' ],
37 silly audit   'cross-spawn': [ '7.0.6' ],
37 silly audit   'crypto-js': [ '4.2.0' ],
37 silly audit   csstype: [ '3.2.3' ],
37 silly audit   'd3-array': [ '3.2.4' ],
37 silly audit   'd3-color': [ '3.1.0' ],
37 silly audit   'd3-ease': [ '3.0.1' ],
37 silly audit   'd3-format': [ '3.1.2' ],
37 silly audit   'd3-interpolate': [ '3.0.1' ],
37 silly audit   'd3-path': [ '3.1.0' ],
37 silly audit   'd3-scale': [ '4.0.2' ],
37 silly audit   'd3-shape': [ '3.2.0' ],
37 silly audit   'd3-time': [ '3.1.0' ],
37 silly audit   'd3-time-format': [ '4.1.0' ],
37 silly audit   'd3-timer': [ '3.0.1' ],
37 silly audit   'damerau-levenshtein': [ '1.0.8' ],
37 silly audit   'data-view-buffer': [ '1.0.2' ],
37 silly audit   'data-view-byte-length': [ '1.0.2' ],
37 silly audit   'data-view-byte-offset': [ '1.0.1' ],
37 silly audit   'date-fns': [ '4.1.0' ],
37 silly audit   debug: [ '4.4.3', '3.2.7' ],
37 silly audit   'decimal.js-light': [ '2.5.1' ],
37 silly audit   'deep-is': [ '0.1.4' ],
37 silly audit   'deepmerge-ts': [ '7.1.5' ],
37 silly audit   'define-data-property': [ '1.1.4' ],
37 silly audit   'define-properties': [ '1.2.1' ],
37 silly audit   defu: [ '6.1.4' ],
37 silly audit   denque: [ '2.1.0' ],
37 silly audit   destr: [ '2.0.5' ],
37 silly audit   'detect-libc': [ '2.1.2' ],
37 silly audit   dfa: [ '1.2.0' ],
37 silly audit   diff: [ '4.0.4' ],
37 silly audit   doctrine: [ '2.1.0' ],
37 silly audit   'dunder-proto': [ '1.0.1' ],
37 silly audit   effect: [ '3.20.0' ],
37 silly audit   'electron-to-chromium': [ '1.5.329' ],
37 silly audit   'emoji-regex': [ '9.2.2' ],
37 silly audit   'emoji-regex-xs': [ '1.0.0' ],
37 silly audit   empathic: [ '2.0.0' ],
37 silly audit   'enhanced-resolve': [ '5.20.1' ],
37 silly audit   'env-paths': [ '3.0.0' ],
37 silly audit   'es-abstract': [ '1.24.1' ],
37 silly audit   'es-define-property': [ '1.0.1' ],
37 silly audit   'es-errors': [ '1.3.0' ],
37 silly audit   'es-iterator-helpers': [ '1.3.1' ],
37 silly audit   'es-object-atoms': [ '1.1.1' ],
37 silly audit   'es-set-tostringtag': [ '2.1.0' ],
37 silly audit   'es-shim-unscopables': [ '1.1.0' ],
37 silly audit   'es-to-primitive': [ '1.3.0' ],
37 silly audit   'es-toolkit': [ '1.45.1' ],
37 silly audit   escalade: [ '3.2.0' ],
37 silly audit   'escape-string-regexp': [ '4.0.0' ],
37 silly audit   eslint: [ '9.39.4' ],
37 silly audit   'eslint-config-next': [ '16.2.1' ],
37 silly audit   globals: [ '16.4.0', '14.0.0' ],
37 silly audit   'eslint-import-resolver-node': [ '0.3.9' ],
37 silly audit   'eslint-import-resolver-typescript': [ '3.10.1' ],
37 silly audit   'eslint-module-utils': [ '2.12.1' ],
37 silly audit   'eslint-plugin-import': [ '2.32.0' ],
37 silly audit   'eslint-plugin-jsx-a11y': [ '6.10.2' ],
37 silly audit   'eslint-plugin-react': [ '7.37.5' ],
37 silly audit   'eslint-plugin-react-hooks': [ '7.0.1' ],
37 silly audit   resolve: [ '2.0.0-next.6', '1.22.11' ],
37 silly audit   'eslint-scope': [ '8.4.0' ],
37 silly audit   espree: [ '10.4.0' ],
37 silly audit   esquery: [ '1.7.0' ],
37 silly audit   esrecurse: [ '4.3.0' ],
37 silly audit   estraverse: [ '5.3.0' ],
37 silly audit   esutils: [ '2.0.3' ],
37 silly audit   eventemitter3: [ '5.0.4' ],
37 silly audit   events: [ '3.3.0' ],
37 silly audit   exsolve: [ '1.0.8' ],
37 silly audit   'fast-check': [ '3.23.2' ],
37 silly audit   'fast-deep-equal': [ '3.1.3' ],
37 silly audit   'fast-glob': [ '3.3.1' ],
37 silly audit   'glob-parent': [ '5.1.2', '6.0.2' ],
37 silly audit   'fast-json-stable-stringify': [ '2.1.0' ],
37 silly audit   'fast-levenshtein': [ '2.0.6' ],
37 silly audit   'fast-uri': [ '3.1.0' ],
37 silly audit   fastq: [ '1.20.1' ],
37 silly audit   'file-entry-cache': [ '8.0.0' ],
37 silly audit   'fill-range': [ '7.1.1' ],
37 silly audit   'find-up': [ '5.0.0' ],
37 silly audit   'flat-cache': [ '4.0.1' ],
37 silly audit   flatted: [ '3.4.2' ],
37 silly audit   fontkit: [ '2.0.4' ],
37 silly audit   'for-each': [ '0.3.5' ],
37 silly audit   'foreground-child': [ '3.3.1' ],
37 silly audit   'framer-motion': [ '12.38.0' ],
37 silly audit   'function-bind': [ '1.1.2' ],
37 silly audit   'function.prototype.name': [ '1.1.8' ],
37 silly audit   'functions-have-names': [ '1.2.3' ],
37 silly audit   'generate-function': [ '2.3.1' ],
37 silly audit   'generator-function': [ '2.0.1' ],
37 silly audit   gensync: [ '1.0.0-beta.2' ],
37 silly audit   'get-intrinsic': [ '1.3.0' ],
37 silly audit   'get-port-please': [ '3.2.0' ],
37 silly audit   'get-proto': [ '1.0.1' ],
37 silly audit   'get-symbol-description': [ '1.1.0' ],
37 silly audit   'get-tsconfig': [ '4.13.7' ],
37 silly audit   giget: [ '2.0.0' ],
37 silly audit   globalthis: [ '1.0.4' ],
37 silly audit   gopd: [ '1.2.0' ],
37 silly audit   'graceful-fs': [ '4.2.11' ],
37 silly audit   grammex: [ '3.1.12' ],
37 silly audit   graphmatch: [ '1.1.1' ],
37 silly audit   'has-bigints': [ '1.1.0' ],
37 silly audit   'has-flag': [ '4.0.0' ],
37 silly audit   'has-property-descriptors': [ '1.0.2' ],
37 silly audit   'has-proto': [ '1.2.0' ],
37 silly audit   'has-symbols': [ '1.1.0' ],
37 silly audit   'has-tostringtag': [ '1.0.2' ],
37 silly audit   hasown: [ '2.0.2' ],
37 silly audit   'hermes-estree': [ '0.25.1' ],
37 silly audit   'hermes-parser': [ '0.25.1' ],
37 silly audit   hono: [ '4.12.9' ],
37 silly audit   'hsl-to-hex': [ '1.0.0' ],
37 silly audit   'hsl-to-rgb-for-reals': [ '1.1.1' ],
37 silly audit   'http-status-codes': [ '2.3.0' ],
37 silly audit   hyphen: [ '1.14.1' ],
37 silly audit   'iconv-lite': [ '0.7.2' ],
37 silly audit   'import-fresh': [ '3.3.1' ],
37 silly audit   imurmurhash: [ '0.1.4' ],
37 silly audit   inherits: [ '2.0.4' ],
37 silly audit   'internal-slot': [ '1.1.0' ],
37 silly audit   internmap: [ '2.0.3' ],
37 silly audit   'is-array-buffer': [ '3.0.5' ],
37 silly audit   'is-arrayish': [ '0.3.4' ],
37 silly audit   'is-async-function': [ '2.1.1' ],
37 silly audit   'is-bigint': [ '1.1.0' ],
37 silly audit   'is-boolean-object': [ '1.2.2' ],
37 silly audit   'is-bun-module': [ '2.0.0' ],
37 silly audit   'is-callable': [ '1.2.7' ],
37 silly audit   'is-core-module': [ '2.16.1' ],
37 silly audit   'is-data-view': [ '1.0.2' ],
37 silly audit   'is-date-object': [ '1.1.0' ],
37 silly audit   'is-extglob': [ '2.1.1' ],
37 silly audit   'is-finalizationregistry': [ '1.1.1' ],
37 silly audit   'is-generator-function': [ '1.1.2' ],
37 silly audit   'is-glob': [ '4.0.3' ],
37 silly audit   'is-map': [ '2.0.3' ],
37 silly audit   'is-negative-zero': [ '2.0.3' ],
37 silly audit   'is-number': [ '7.0.0' ],
37 silly audit   'is-number-object': [ '1.1.1' ],
37 silly audit   'is-property': [ '1.0.2' ],
37 silly audit   'is-regex': [ '1.2.1' ],
37 silly audit   'is-set': [ '2.0.3' ],
37 silly audit   'is-shared-array-buffer': [ '1.0.4' ],
37 silly audit   'is-string': [ '1.1.1' ],
37 silly audit   'is-symbol': [ '1.1.1' ],
37 silly audit   'is-typed-array': [ '1.1.15' ],
37 silly audit   'is-url': [ '1.2.4' ],
37 silly audit   'is-weakmap': [ '2.0.2' ],
37 silly audit   'is-weakref': [ '1.1.1' ],
37 silly audit   'is-weakset': [ '2.0.4' ],
37 silly audit   isarray: [ '2.0.5' ],
37 silly audit   isexe: [ '2.0.0' ],
37 silly audit   'iterator.prototype': [ '1.1.5' ],
37 silly audit   'jay-peg': [ '1.1.1' ],
37 silly audit   jiti: [ '2.6.1' ],
37 silly audit   jose: [ '6.2.2' ],
37 silly audit   'js-tokens': [ '4.0.0' ],
37 silly audit   'js-yaml': [ '4.1.1' ],
37 silly audit   jsesc: [ '3.1.0' ],
37 silly audit   'json-buffer': [ '3.0.1' ],
37 silly audit   'json-stable-stringify-without-jsonify': [ '1.0.1' ],
37 silly audit   json5: [ '2.2.3', '1.0.2' ],
37 silly audit   'jsx-ast-utils': [ '3.3.5' ],
37 silly audit   keyv: [ '4.5.4' ],
37 silly audit   'language-subtag-registry': [ '0.3.23' ],
37 silly audit   'language-tags': [ '1.0.9' ],
37 silly audit   levn: [ '0.4.1' ],
37 silly audit   lightningcss: [ '1.32.0' ],
37 silly audit   'lightningcss-android-arm64': [ '1.32.0' ],
37 silly audit   'lightningcss-darwin-arm64': [ '1.32.0' ],
37 silly audit   'lightningcss-darwin-x64': [ '1.32.0' ],
37 silly audit   'lightningcss-freebsd-x64': [ '1.32.0' ],
37 silly audit   'lightningcss-linux-arm-gnueabihf': [ '1.32.0' ],
37 silly audit   'lightningcss-linux-arm64-gnu': [ '1.32.0' ],
37 silly audit   'lightningcss-linux-arm64-musl': [ '1.32.0' ],
37 silly audit   'lightningcss-linux-x64-gnu': [ '1.32.0' ],
37 silly audit   'lightningcss-linux-x64-musl': [ '1.32.0' ],
37 silly audit   'lightningcss-win32-arm64-msvc': [ '1.32.0' ],
37 silly audit   'lightningcss-win32-x64-msvc': [ '1.32.0' ],
37 silly audit   linebreak: [ '1.1.0' ],
37 silly audit   'locate-path': [ '6.0.0' ],
37 silly audit   'lodash.merge': [ '4.6.2' ],
37 silly audit   long: [ '5.3.2' ],
37 silly audit   'loose-envify': [ '1.4.0' ],
37 silly audit   'lru-cache': [ '5.1.1' ],
37 silly audit   'lru.min': [ '1.1.4' ],
37 silly audit   'lucide-react': [ '1.7.0' ],
37 silly audit   'magic-string': [ '0.30.21' ],
37 silly audit   'make-error': [ '1.3.6' ],
37 silly audit   'math-intrinsics': [ '1.1.0' ],
37 silly audit   'media-engine': [ '1.0.3' ],
37 silly audit   merge2: [ '1.4.1' ],
37 silly audit   micromatch: [ '4.0.8' ],
37 silly audit   minimist: [ '1.2.8' ],
37 silly audit   'motion-dom': [ '12.38.0' ],
37 silly audit   'motion-utils': [ '12.36.0' ],
37 silly audit   ms: [ '2.1.3' ],
37 silly audit   mysql2: [ '3.15.3' ],
37 silly audit   'named-placeholders': [ '1.1.6' ],
37 silly audit   nanoid: [ '3.3.11' ],
37 silly audit   'napi-postinstall': [ '0.3.4' ],
37 silly audit   'natural-compare': [ '1.4.0' ],
37 silly audit   next: [ '16.2.1' ],
37 silly audit   'next-auth': [ '5.0.0-beta.30' ],
37 silly audit   'next-themes': [ '0.4.6' ],
37 silly audit   postcss: [ '8.4.31', '8.5.8' ],
37 silly audit   'node-exports-info': [ '1.6.0' ],
37 silly audit   'node-fetch-native': [ '1.6.7' ],
37 silly audit   'node-releases': [ '2.0.36' ],
37 silly audit   'normalize-svg-path': [ '1.1.0' ],
37 silly audit   nypm: [ '0.6.5' ],
37 silly audit   oauth4webapi: [ '3.8.5' ],
37 silly audit   'object-assign': [ '4.1.1' ],
37 silly audit   'object-inspect': [ '1.13.4' ],
37 silly audit   'object-keys': [ '1.1.1' ],
37 silly audit   'object.assign': [ '4.1.7' ],
37 silly audit   'object.entries': [ '1.1.9' ],
37 silly audit   'object.fromentries': [ '2.0.8' ],
37 silly audit   'object.groupby': [ '1.0.3' ],
37 silly audit   'object.values': [ '1.2.1' ],
37 silly audit   ohash: [ '2.0.11' ],
37 silly audit   optionator: [ '0.9.4' ],
37 silly audit   'own-keys': [ '1.0.1' ],
37 silly audit   'p-limit': [ '3.1.0' ],
37 silly audit   'p-locate': [ '5.0.0' ],
37 silly audit   pako: [ '1.0.11', '0.2.9' ],
37 silly audit   'parent-module': [ '1.0.1' ],
37 silly audit   'parse-svg-path': [ '0.1.2' ],
37 silly audit   'path-exists': [ '4.0.0' ],
37 silly audit   'path-key': [ '3.1.1' ],
37 silly audit   'path-parse': [ '1.0.7' ],
37 silly audit   pathe: [ '2.0.3' ],
37 silly audit   'perfect-debounce': [ '1.0.0' ],
37 silly audit   pg: [ '8.20.0' ],
37 silly audit   'pg-cloudflare': [ '1.3.0' ],
37 silly audit   'pg-connection-string': [ '2.12.0' ],
37 silly audit   'pg-int8': [ '1.0.1' ],
37 silly audit   'pg-pool': [ '3.13.0' ],
37 silly audit   'pg-protocol': [ '1.13.0' ],
37 silly audit   'pg-types': [ '2.2.0' ],
37 silly audit   'postgres-array': [ '2.0.0', '3.0.4' ],
37 silly audit   pgpass: [ '1.0.5' ],
37 silly audit   picocolors: [ '1.1.1' ],
37 silly audit   picomatch: [ '2.3.2', '4.0.4' ],
37 silly audit   'pkg-types': [ '2.3.0' ],
37 silly audit   'possible-typed-array-names': [ '1.1.0' ],
37 silly audit   'postcss-value-parser': [ '4.2.0' ],
37 silly audit   postgres: [ '3.4.7' ],
37 silly audit   'postgres-bytea': [ '1.0.1' ],
37 silly audit   'postgres-date': [ '1.0.7' ],
37 silly audit   'postgres-interval': [ '1.2.0' ],
37 silly audit   preact: [ '10.24.3' ],
37 silly audit   'preact-render-to-string': [ '6.5.11' ],
37 silly audit   'prelude-ls': [ '1.2.1' ],
37 silly audit   prisma: [ '7.6.0' ],
37 silly audit   'prop-types': [ '15.8.1' ],
37 silly audit   'proper-lockfile': [ '4.1.2' ],
37 silly audit   'signal-exit': [ '3.0.7', '4.1.0' ],
37 silly audit   punycode: [ '2.3.1' ],
37 silly audit   'pure-rand': [ '6.1.0' ],
37 silly audit   queue: [ '6.0.2' ],
37 silly audit   'queue-microtask': [ '1.2.3' ],
37 silly audit   rc9: [ '2.1.2' ],
37 silly audit   react: [ '19.2.4' ],
37 silly audit   'react-dom': [ '19.2.4' ],
37 silly audit   'react-hook-form': [ '7.72.0' ],
37 silly audit   'react-is': [ '16.13.1' ],
37 silly audit   'react-redux': [ '9.2.0' ],
37 silly audit   readdirp: [ '4.1.2' ],
37 silly audit   recharts: [ '3.8.1' ],
37 silly audit   redux: [ '5.0.1' ],
37 silly audit   'redux-thunk': [ '3.1.0' ],
37 silly audit   'reflect.getprototypeof': [ '1.0.10' ],
37 silly audit   'regexp.prototype.flags': [ '1.5.4' ],
37 silly audit   remeda: [ '2.33.4' ],
37 silly audit   'require-from-string': [ '2.0.2' ],
37 silly audit   reselect: [ '5.1.1' ],
37 silly audit   'resolve-from': [ '4.0.0' ],
37 silly audit   'resolve-pkg-maps': [ '1.0.0' ],
37 silly audit   restructure: [ '3.0.2' ],
37 silly audit   retry: [ '0.12.0' ],
37 silly audit   reusify: [ '1.1.0' ],
37 silly audit   'run-parallel': [ '1.2.0' ],
37 silly audit   'safe-array-concat': [ '1.1.3' ],
37 silly audit   'safe-buffer': [ '5.2.1' ],
37 silly audit   'safe-push-apply': [ '1.0.0' ],
37 silly audit   'safe-regex-test': [ '1.1.0' ],
37 silly audit   'safer-buffer': [ '2.1.2' ],
37 silly audit   'seq-queue': [ '0.0.5' ],
37 silly audit   'set-function-length': [ '1.2.2' ],
37 silly audit   'set-function-name': [ '2.0.2' ],
37 silly audit   'set-proto': [ '1.0.0' ],
37 silly audit   sharp: [ '0.34.5' ],
37 silly audit   'shebang-command': [ '2.0.0' ],
37 silly audit   'shebang-regex': [ '3.0.0' ],
37 silly audit   'side-channel': [ '1.1.0' ],
37 silly audit   'side-channel-list': [ '1.0.0' ],
37 silly audit   'side-channel-map': [ '1.0.1' ],
37 silly audit   'side-channel-weakmap': [ '1.0.2' ],
37 silly audit   'simple-swizzle': [ '0.2.4' ],
37 silly audit   sisteransi: [ '1.0.5' ],
37 silly audit   'source-map-js': [ '1.2.1' ],
37 silly audit   split2: [ '4.2.0' ],
37 silly audit   sqlstring: [ '2.3.3' ],
37 silly audit   'stable-hash': [ '0.0.5' ],
37 silly audit   'std-env': [ '3.10.0' ],
37 silly audit   'stop-iteration-iterator': [ '1.1.0' ],
37 silly audit   string_decoder: [ '1.3.0' ],
37 silly audit   'string.prototype.includes': [ '2.0.1' ],
37 silly audit   'string.prototype.matchall': [ '4.0.12' ],
37 silly audit   'string.prototype.repeat': [ '1.0.0' ],
37 silly audit   'string.prototype.trim': [ '1.2.10' ],
37 silly audit   'string.prototype.trimend': [ '1.0.9' ],
37 silly audit   'string.prototype.trimstart': [ '1.0.8' ],
37 silly audit   'strip-bom': [ '3.0.0' ],
37 silly audit   'strip-json-comments': [ '3.1.1' ],
37 silly audit   'styled-jsx': [ '5.1.6' ],
37 silly audit   'supports-color': [ '7.2.0' ],
37 silly audit   'supports-preserve-symlinks-flag': [ '1.0.0' ],
37 silly audit   'svg-arc-to-cubic-bezier': [ '3.2.0' ],
37 silly audit   'tailwind-merge': [ '3.5.0' ],
37 silly audit   tailwindcss: [ '4.2.2' ],
37 silly audit   tapable: [ '2.3.2' ],
37 silly audit   'tiny-inflate': [ '1.0.3' ],
37 silly audit   'tiny-invariant': [ '1.3.3' ],
37 silly audit   tinyexec: [ '1.0.4' ],
37 silly audit   tinyglobby: [ '0.2.15' ],
37 silly audit   fdir: [ '6.5.0' ],
37 silly audit   'to-regex-range': [ '5.0.1' ],
37 silly audit   'ts-api-utils': [ '2.5.0' ],
37 silly audit   'ts-node': [ '10.9.2' ],
37 silly audit   'tsconfig-paths': [ '3.15.0' ],
37 silly audit   tslib: [ '2.8.1' ],
37 silly audit   'type-check': [ '0.4.0' ],
37 silly audit   'typed-array-buffer': [ '1.0.3' ],
37 silly audit   'typed-array-byte-length': [ '1.0.3' ],
37 silly audit   'typed-array-byte-offset': [ '1.0.4' ],
37 silly audit   'typed-array-length': [ '1.0.7' ],
37 silly audit   typescript: [ '5.9.3' ],
37 silly audit   'typescript-eslint': [ '8.58.0' ],
37 silly audit   'unbox-primitive': [ '1.1.0' ],
37 silly audit   'undici-types': [ '6.21.0' ],
37 silly audit   'unicode-properties': [ '1.4.1' ],
37 silly audit   'unicode-trie': [ '2.0.0' ],
37 silly audit   'unrs-resolver': [ '1.11.1' ],
37 silly audit   'update-browserslist-db': [ '1.2.3' ],
37 silly audit   'uri-js': [ '4.4.1' ],
37 silly audit   'use-sync-external-store': [ '1.6.0' ],
37 silly audit   'util-deprecate': [ '1.0.2' ],
37 silly audit   'v8-compile-cache-lib': [ '3.0.1' ],
37 silly audit   valibot: [ '1.2.0' ],
37 silly audit   'victory-vendor': [ '37.3.6' ],
37 silly audit   'vite-compatible-readable-stream': [ '3.6.1' ],
37 silly audit   which: [ '2.0.2' ],
37 silly audit   'which-boxed-primitive': [ '1.1.1' ],
37 silly audit   'which-builtin-type': [ '1.2.1' ],
37 silly audit   'which-collection': [ '1.0.2' ],
37 silly audit   'which-typed-array': [ '1.1.20' ],
37 silly audit   'word-wrap': [ '1.2.5' ],
37 silly audit   xtend: [ '4.0.2' ],
37 silly audit   yallist: [ '3.1.1' ],
37 silly audit   yn: [ '3.1.1' ],
37 silly audit   'yocto-queue': [ '0.1.0' ],
37 silly audit   'yoga-layout': [ '3.2.1' ],
37 silly audit   zeptomatch: [ '2.1.0' ],
37 silly audit   zod: [ '4.3.6' ],
37 silly audit   'zod-validation-error': [ '4.0.2' ],
37 silly audit   'react-hot-toast': [ '2.6.0' ],
37 silly audit   goober: [ '2.1.18' ]
37 silly audit }
38 http cache react-hot-toast@https://registry.npmjs.org/react-hot-toast/-/react-hot-toast-2.6.0.tgz 0ms (cache hit)
39 http cache goober@https://registry.npmjs.org/goober/-/goober-2.1.18.tgz 0ms (cache hit)
40 silly tarball no local data for react-hot-toast@https://registry.npmjs.org/react-hot-toast/-/react-hot-toast-2.6.0.tgz. Extracting by manifest.
41 silly tarball no local data for goober@https://registry.npmjs.org/goober/-/goober-2.1.18.tgz. Extracting by manifest.
42 http fetch GET 200 https://registry.npmjs.org/react-hot-toast/-/react-hot-toast-2.6.0.tgz 210ms (cache miss)
43 http fetch GET 200 https://registry.npmjs.org/goober/-/goober-2.1.18.tgz 219ms (cache miss)
44 http fetch POST 200 https://registry.npmjs.org/-/npm/v1/security/advisories/bulk 325ms
45 silly audit report {}
46 silly ADD node_modules/goober
47 silly ADD node_modules/react-hot-toast
48 verbose cwd /Users/rajumaharjan/Documents/Anit Gravity Projects/Rent And Expenses Mgmt System
49 verbose os Darwin 25.4.0
50 verbose node v24.13.0
51 verbose npm  v11.6.2
52 verbose exit 0
53 info ok
