0 verbose cli /usr/local/bin/node /usr/local/lib/node_modules/npm/bin/npm-cli.js
1 info using npm@11.6.2
2 info using node@v24.13.0
3 silly config load:file:/usr/local/lib/node_modules/npm/npmrc
4 silly config load:file:/Users/rajumaharjan/Documents/Anit Gravity Projects/Rent And Expenses Mgmt System/.npmrc
5 silly config load:file:/Users/rajumaharjan/.npmrc
6 silly config load:file:/usr/local/etc/npmrc
7 verbose title npm exec tsx -e import { PrismaClient } from "@prisma/client"; import { PrismaPg } from "@prisma/adapter-pg"; import { Pool } from "pg"; async function check() { const pool = new Pool({ connectionString: process.env.DATABASE_URL }); const adapter = new PrismaPg(pool); const prisma = new PrismaClient({ adapter }); const user = await prisma.user.findUnique({ where: { email: "admin@system.com" } }); console.log(JSON.stringify(user, null, 2)); await prisma.$disconnect(); } check();
8 verbose argv "exec" "--" "tsx" "-e" "import { PrismaClient } from \"@prisma/client\"; import { PrismaPg } from \"@prisma/adapter-pg\"; import { Pool } from \"pg\"; async function check() { const pool = new Pool({ connectionString: process.env.DATABASE_URL }); const adapter = new PrismaPg(pool); const prisma = new PrismaClient({ adapter }); const user = await prisma.user.findUnique({ where: { email: \"admin@system.com\" } }); console.log(JSON.stringify(user, null, 2)); await prisma.$disconnect(); } check();"
9 verbose logfile logs-max:10 dir:/Users/rajumaharjan/Documents/Anit Gravity Projects/Rent And Expenses Mgmt System/.npm_cache/_logs/2026-04-02T11_20_57_711Z-
10 verbose logfile /Users/rajumaharjan/Documents/Anit Gravity Projects/Rent And Expenses Mgmt System/.npm_cache/_logs/2026-04-02T11_20_57_711Z-debug-0.log
11 silly logfile done cleaning log files
12 silly packumentCache heap:4496293888 maxSize:1124073472 maxEntrySize:562036736
13 http fetch GET 200 https://registry.npmjs.org/tsx 400ms (cache revalidated)
14 silly packumentCache heap:4496293888 maxSize:1124073472 maxEntrySize:562036736
15 silly packumentCache heap:4496293888 maxSize:1124073472 maxEntrySize:562036736
16 verbose cwd /Users/rajumaharjan/Documents/Anit Gravity Projects/Rent And Expenses Mgmt System
17 verbose os Darwin 25.4.0
18 verbose node v24.13.0
19 verbose npm  v11.6.2
20 verbose exit 0
21 info ok
